<?xml version="1.0" encoding="UTF-8"?>
<!-- Generated by org.testng.reporters.JUnitReportReporter -->
<testsuite hostname="OMNAMASHIVAYA" failures="0" tests="2" name="tests.Login" time="13.447" errors="0" timestamp="2023-10-12T19:37:56 IST" skipped="0">
  <testcase classname="tests.Login" name="loadtest" time="13.414"/>
  <testcase classname="tests.Login" name="pageloadtest" time="0.033"/>
</testsuite> <!-- tests.Login -->
